<?xml version="1.0" encoding="UTF-8"?>
<coverage generated="1633634482488" clover="3.2.0">
  <project timestamp="1633634482489" name="All files">
    <metrics statements="25" coveredstatements="25" conditionals="10" coveredconditionals="10" methods="9" coveredmethods="9" elements="44" coveredelements="44" complexity="0" loc="25" ncloc="25" packages="1" files="7" classes="7"/>
    <file name="bowerman.js" path="/mnt/c/Users/1/Desktop/Обучение/Frontend/Netology/ajs-homeworks_classes/src/js/__classes__/bowerman.js">
      <metrics statements="1" coveredstatements="1" conditionals="0" coveredconditionals="0" methods="1" coveredmethods="1"/>
      <line num="5" count="5" type="stmt"/>
    </file>
    <file name="character.js" path="/mnt/c/Users/1/Desktop/Обучение/Frontend/Netology/ajs-homeworks_classes/src/js/__classes__/character.js">
      <metrics statements="19" coveredstatements="19" conditionals="10" coveredconditionals="10" methods="3" coveredmethods="3"/>
      <line num="3" count="12" type="stmt"/>
      <line num="4" count="12" type="cond" truecount="4" falsecount="0"/>
      <line num="5" count="1" type="stmt"/>
      <line num="7" count="11" type="cond" truecount="2" falsecount="0"/>
      <line num="8" count="1" type="stmt"/>
      <line num="10" count="10" type="stmt"/>
      <line num="11" count="10" type="stmt"/>
      <line num="12" count="10" type="stmt"/>
      <line num="13" count="10" type="stmt"/>
      <line num="14" count="10" type="stmt"/>
      <line num="15" count="10" type="stmt"/>
      <line num="19" count="2" type="cond" truecount="2" falsecount="0"/>
      <line num="20" count="1" type="stmt"/>
      <line num="22" count="1" type="stmt"/>
      <line num="23" count="1" type="stmt"/>
      <line num="24" count="1" type="stmt"/>
      <line num="25" count="1" type="stmt"/>
      <line num="28" count="2" type="cond" truecount="2" falsecount="0"/>
      <line num="29" count="1" type="stmt"/>
    </file>
    <file name="daemon.js" path="/mnt/c/Users/1/Desktop/Обучение/Frontend/Netology/ajs-homeworks_classes/src/js/__classes__/daemon.js">
      <metrics statements="1" coveredstatements="1" conditionals="0" coveredconditionals="0" methods="1" coveredmethods="1"/>
      <line num="5" count="1" type="stmt"/>
    </file>
    <file name="magician.js" path="/mnt/c/Users/1/Desktop/Обучение/Frontend/Netology/ajs-homeworks_classes/src/js/__classes__/magician.js">
      <metrics statements="1" coveredstatements="1" conditionals="0" coveredconditionals="0" methods="1" coveredmethods="1"/>
      <line num="5" count="1" type="stmt"/>
    </file>
    <file name="swordsman.js" path="/mnt/c/Users/1/Desktop/Обучение/Frontend/Netology/ajs-homeworks_classes/src/js/__classes__/swordsman.js">
      <metrics statements="1" coveredstatements="1" conditionals="0" coveredconditionals="0" methods="1" coveredmethods="1"/>
      <line num="5" count="1" type="stmt"/>
    </file>
    <file name="undead.js" path="/mnt/c/Users/1/Desktop/Обучение/Frontend/Netology/ajs-homeworks_classes/src/js/__classes__/undead.js">
      <metrics statements="1" coveredstatements="1" conditionals="0" coveredconditionals="0" methods="1" coveredmethods="1"/>
      <line num="5" count="1" type="stmt"/>
    </file>
    <file name="zombie.js" path="/mnt/c/Users/1/Desktop/Обучение/Frontend/Netology/ajs-homeworks_classes/src/js/__classes__/zombie.js">
      <metrics statements="1" coveredstatements="1" conditionals="0" coveredconditionals="0" methods="1" coveredmethods="1"/>
      <line num="5" count="1" type="stmt"/>
    </file>
  </project>
</coverage>
