{"/mnt/c/Users/1/Desktop/Обучение/Frontend/Netology/ajs-homeworks_classes/src/js/__classes__/bowerman.js": {"path":"/mnt/c/Users/1/Desktop/Обучение/Frontend/Netology/ajs-homeworks_classes/src/js/__classes__/bowerman.js","statementMap":{"0":{"start":{"line":5,"column":4},"end":{"line":5,"column":36}}},"fnMap":{"0":{"name":"(anonymous_0)","decl":{"start":{"line":4,"column":2},"end":{"line":4,"column":3}},"loc":{"start":{"line":4,"column":20},"end":{"line":6,"column":3}},"line":4}},"branchMap":{},"s":{"0":5},"f":{"0":5},"b":{},"_coverageSchema":"1a1c01bbd47fc00a2c39e90264f33305004495a9","hash":"2f085bde429ee80491ee4a2880c17277ef4c4a5f"}
,"/mnt/c/Users/1/Desktop/Обучение/Frontend/Netology/ajs-homeworks_classes/src/js/__classes__/character.js": {"path":"/mnt/c/Users/1/Desktop/Обучение/Frontend/Netology/ajs-homeworks_classes/src/js/__classes__/character.js","statementMap":{"0":{"start":{"line":3,"column":20},"end":{"line":3,"column":87}},"1":{"start":{"line":4,"column":4},"end":{"line":6,"column":5}},"2":{"start":{"line":5,"column":6},"end":{"line":5,"column":48}},"3":{"start":{"line":7,"column":4},"end":{"line":9,"column":5}},"4":{"start":{"line":8,"column":6},"end":{"line":8,"column":54}},"5":{"start":{"line":10,"column":4},"end":{"line":10,"column":21}},"6":{"start":{"line":11,"column":4},"end":{"line":11,"column":21}},"7":{"start":{"line":12,"column":4},"end":{"line":12,"column":22}},"8":{"start":{"line":13,"column":4},"end":{"line":13,"column":19}},"9":{"start":{"line":14,"column":4},"end":{"line":14,"column":25}},"10":{"start":{"line":15,"column":4},"end":{"line":15,"column":27}},"11":{"start":{"line":19,"column":4},"end":{"line":21,"column":5}},"12":{"start":{"line":20,"column":6},"end":{"line":20,"column":57}},"13":{"start":{"line":22,"column":4},"end":{"line":22,"column":32}},"14":{"start":{"line":23,"column":4},"end":{"line":23,"column":44}},"15":{"start":{"line":24,"column":4},"end":{"line":24,"column":46}},"16":{"start":{"line":25,"column":4},"end":{"line":25,"column":22}},"17":{"start":{"line":28,"column":4},"end":{"line":30,"column":5}},"18":{"start":{"line":29,"column":6},"end":{"line":29,"column":55}}},"fnMap":{"0":{"name":"(anonymous_0)","decl":{"start":{"line":2,"column":2},"end":{"line":2,"column":3}},"loc":{"start":{"line":2,"column":43},"end":{"line":16,"column":3}},"line":2},"1":{"name":"(anonymous_1)","decl":{"start":{"line":18,"column":2},"end":{"line":18,"column":3}},"loc":{"start":{"line":18,"column":12},"end":{"line":26,"column":3}},"line":18},"2":{"name":"(anonymous_2)","decl":{"start":{"line":27,"column":2},"end":{"line":27,"column":3}},"loc":{"start":{"line":27,"column":17},"end":{"line":31,"column":3}},"line":27}},"branchMap":{"0":{"loc":{"start":{"line":4,"column":4},"end":{"line":6,"column":5}},"type":"if","locations":[{"start":{"line":4,"column":4},"end":{"line":6,"column":5}},{"start":{"line":4,"column":4},"end":{"line":6,"column":5}}],"line":4},"1":{"loc":{"start":{"line":4,"column":8},"end":{"line":4,"column":43}},"type":"binary-expr","locations":[{"start":{"line":4,"column":8},"end":{"line":4,"column":23}},{"start":{"line":4,"column":27},"end":{"line":4,"column":43}}],"line":4},"2":{"loc":{"start":{"line":7,"column":4},"end":{"line":9,"column":5}},"type":"if","locations":[{"start":{"line":7,"column":4},"end":{"line":9,"column":5}},{"start":{"line":7,"column":4},"end":{"line":9,"column":5}}],"line":7},"3":{"loc":{"start":{"line":19,"column":4},"end":{"line":21,"column":5}},"type":"if","locations":[{"start":{"line":19,"column":4},"end":{"line":21,"column":5}},{"start":{"line":19,"column":4},"end":{"line":21,"column":5}}],"line":19},"4":{"loc":{"start":{"line":28,"column":4},"end":{"line":30,"column":5}},"type":"if","locations":[{"start":{"line":28,"column":4},"end":{"line":30,"column":5}},{"start":{"line":28,"column":4},"end":{"line":30,"column":5}}],"line":28}},"s":{"0":12,"1":12,"2":1,"3":11,"4":1,"5":10,"6":10,"7":10,"8":10,"9":10,"10":10,"11":2,"12":1,"13":1,"14":1,"15":1,"16":1,"17":2,"18":1},"f":{"0":12,"1":2,"2":2},"b":{"0":[1,11],"1":[12,11],"2":[1,10],"3":[1,1],"4":[1,1]},"_coverageSchema":"1a1c01bbd47fc00a2c39e90264f33305004495a9","hash":"b724b1d5c8ecd98d8f6c647f16849ab0eee8f71c"}
,"/mnt/c/Users/1/Desktop/Обучение/Frontend/Netology/ajs-homeworks_classes/src/js/__classes__/daemon.js": {"path":"/mnt/c/Users/1/Desktop/Обучение/Frontend/Netology/ajs-homeworks_classes/src/js/__classes__/daemon.js","statementMap":{"0":{"start":{"line":5,"column":4},"end":{"line":5,"column":34}}},"fnMap":{"0":{"name":"(anonymous_0)","decl":{"start":{"line":4,"column":2},"end":{"line":4,"column":3}},"loc":{"start":{"line":4,"column":20},"end":{"line":6,"column":3}},"line":4}},"branchMap":{},"s":{"0":1},"f":{"0":1},"b":{},"_coverageSchema":"1a1c01bbd47fc00a2c39e90264f33305004495a9","hash":"7dc099c257ef5dff8efd35a8bc084eaebcb6533f"}
,"/mnt/c/Users/1/Desktop/Обучение/Frontend/Netology/ajs-homeworks_classes/src/js/__classes__/magician.js": {"path":"/mnt/c/Users/1/Desktop/Обучение/Frontend/Netology/ajs-homeworks_classes/src/js/__classes__/magician.js","statementMap":{"0":{"start":{"line":5,"column":4},"end":{"line":5,"column":36}}},"fnMap":{"0":{"name":"(anonymous_0)","decl":{"start":{"line":4,"column":2},"end":{"line":4,"column":3}},"loc":{"start":{"line":4,"column":20},"end":{"line":6,"column":3}},"line":4}},"branchMap":{},"s":{"0":1},"f":{"0":1},"b":{},"_coverageSchema":"1a1c01bbd47fc00a2c39e90264f33305004495a9","hash":"a557833cef87339c836b9a782519be930e176182"}
,"/mnt/c/Users/1/Desktop/Обучение/Frontend/Netology/ajs-homeworks_classes/src/js/__classes__/swordsman.js": {"path":"/mnt/c/Users/1/Desktop/Обучение/Frontend/Netology/ajs-homeworks_classes/src/js/__classes__/swordsman.js","statementMap":{"0":{"start":{"line":5,"column":4},"end":{"line":5,"column":37}}},"fnMap":{"0":{"name":"(anonymous_0)","decl":{"start":{"line":4,"column":2},"end":{"line":4,"column":3}},"loc":{"start":{"line":4,"column":20},"end":{"line":6,"column":3}},"line":4}},"branchMap":{},"s":{"0":1},"f":{"0":1},"b":{},"_coverageSchema":"1a1c01bbd47fc00a2c39e90264f33305004495a9","hash":"0c370d85a455a583d5ee4fb7e661a487f7f7a9ea"}
,"/mnt/c/Users/1/Desktop/Обучение/Frontend/Netology/ajs-homeworks_classes/src/js/__classes__/undead.js": {"path":"/mnt/c/Users/1/Desktop/Обучение/Frontend/Netology/ajs-homeworks_classes/src/js/__classes__/undead.js","statementMap":{"0":{"start":{"line":5,"column":4},"end":{"line":5,"column":34}}},"fnMap":{"0":{"name":"(anonymous_0)","decl":{"start":{"line":4,"column":2},"end":{"line":4,"column":3}},"loc":{"start":{"line":4,"column":20},"end":{"line":6,"column":3}},"line":4}},"branchMap":{},"s":{"0":1},"f":{"0":1},"b":{},"_coverageSchema":"1a1c01bbd47fc00a2c39e90264f33305004495a9","hash":"d5655f9ba513abf19836d42f12ab0c8b3ac0349d"}
,"/mnt/c/Users/1/Desktop/Обучение/Frontend/Netology/ajs-homeworks_classes/src/js/__classes__/zombie.js": {"path":"/mnt/c/Users/1/Desktop/Обучение/Frontend/Netology/ajs-homeworks_classes/src/js/__classes__/zombie.js","statementMap":{"0":{"start":{"line":5,"column":4},"end":{"line":5,"column":34}}},"fnMap":{"0":{"name":"(anonymous_0)","decl":{"start":{"line":4,"column":2},"end":{"line":4,"column":3}},"loc":{"start":{"line":4,"column":20},"end":{"line":6,"column":3}},"line":4}},"branchMap":{},"s":{"0":1},"f":{"0":1},"b":{},"_coverageSchema":"1a1c01bbd47fc00a2c39e90264f33305004495a9","hash":"3cd687144b38b6935fe268577e35669da50b7614"}
}
