TN:
SF:src/js/__classes__/bowerman.js
FN:4,(anonymous_0)
FNF:1
FNH:1
FNDA:5,(anonymous_0)
DA:5,5
LF:1
LH:1
BRF:0
BRH:0
end_of_record
TN:
SF:src/js/__classes__/character.js
FN:2,(anonymous_0)
FN:18,(anonymous_1)
FN:27,(anonymous_2)
FNF:3
FNH:3
FNDA:12,(anonymous_0)
FNDA:2,(anonymous_1)
FNDA:2,(anonymous_2)
DA:3,12
DA:4,12
DA:5,1
DA:7,11
DA:8,1
DA:10,10
DA:11,10
DA:12,10
DA:13,10
DA:14,10
DA:15,10
DA:19,2
DA:20,1
DA:22,1
DA:23,1
DA:24,1
DA:25,1
DA:28,2
DA:29,1
LF:19
LH:19
BRDA:4,0,0,1
BRDA:4,0,1,11
BRDA:4,1,0,12
BRDA:4,1,1,11
BRDA:7,2,0,1
BRDA:7,2,1,10
BRDA:19,3,0,1
BRDA:19,3,1,1
BRDA:28,4,0,1
BRDA:28,4,1,1
BRF:10
BRH:10
end_of_record
TN:
SF:src/js/__classes__/daemon.js
FN:4,(anonymous_0)
FNF:1
FNH:1
FNDA:1,(anonymous_0)
DA:5,1
LF:1
LH:1
BRF:0
BRH:0
end_of_record
TN:
SF:src/js/__classes__/magician.js
FN:4,(anonymous_0)
FNF:1
FNH:1
FNDA:1,(anonymous_0)
DA:5,1
LF:1
LH:1
BRF:0
BRH:0
end_of_record
TN:
SF:src/js/__classes__/swordsman.js
FN:4,(anonymous_0)
FNF:1
FNH:1
FNDA:1,(anonymous_0)
DA:5,1
LF:1
LH:1
BRF:0
BRH:0
end_of_record
TN:
SF:src/js/__classes__/undead.js
FN:4,(anonymous_0)
FNF:1
FNH:1
FNDA:1,(anonymous_0)
DA:5,1
LF:1
LH:1
BRF:0
BRH:0
end_of_record
TN:
SF:src/js/__classes__/zombie.js
FN:4,(anonymous_0)
FNF:1
FNH:1
FNDA:1,(anonymous_0)
DA:5,1
LF:1
LH:1
BRF:0
BRH:0
end_of_record
